<?xml version="1.0" encoding="utf-8" standalone="no"?>
<test-results xmlns:xsi="http://www.w3.org/2001/XMLSchema-instance" xsi:noNamespaceSchemaLocation="nunit_schema_2.5.xsd" name="Pester" total="5" errors="0" failures="5" not-run="0" inconclusive="0" ignored="0" skipped="0" invalid="0" date="2025-12-21" time="12:58:43">
  <environment user="joelg" machine-name="GAMINGPC" cwd="D:\dev\SuperHexLink" user-domain="GAMINGPC" platform="Microsoft Windows 11 Pro|C:\WINDOWS|\Device\Harddisk0\Partition3" nunit-version="2.5.8.0" os-version="10.0.26100" clr-version="4.0.30319.42000" />
  <culture-info current-culture="en-GB" current-uiculture="en-GB" />
  <test-suite type="Powershell" name="Pester" executed="True" result="Failure" success="False" time="0.2769" asserts="0">
    <results>
      <test-suite type="TestFixture" name="CheckCsprojMapping" executed="True" result="Failure" success="False" time="0.1816" asserts="0" description="CheckCsprojMapping">
        <results>
          <test-case description="maps Assets/Scripts/Player.cs to Assembly-CSharp.csproj when Assembly-CSharp exists" name="CheckCsprojMapping.maps Assets/Scripts/Player.cs to Assembly-CSharp.csproj when Assembly-CSharp exists" time="0.0725" asserts="0" success="False" result="Failure" executed="True">
            <failure>
              <message>'-Contain' is not a valid Should operator.</message>
              <stack-trace>at line: 42 in C:\Program Files\WindowsPowerShell\Modules\Pester\3.4.0\Functions\Assertions\Should.ps1</stack-trace>
            </failure>
          </test-case>
          <test-case description="maps Assets/Editor/Tool.cs to Assembly-CSharp-Editor.csproj when it exists" name="CheckCsprojMapping.maps Assets/Editor/Tool.cs to Assembly-CSharp-Editor.csproj when it exists" time="0.0373" asserts="0" success="False" result="Failure" executed="True">
            <failure>
              <message>'-Contain' is not a valid Should operator.</message>
              <stack-trace>at line: 42 in C:\Program Files\WindowsPowerShell\Modules\Pester\3.4.0\Functions\Assertions\Should.ps1</stack-trace>
            </failure>
          </test-case>
          <test-case description="maps CoreLogic/src/Class1.cs to CoreLogic csproj" name="CheckCsprojMapping.maps CoreLogic/src/Class1.cs to CoreLogic csproj" time="0.0314" asserts="0" success="False" result="Failure" executed="True">
            <failure>
              <message>'-Contain' is not a valid Should operator.</message>
              <stack-trace>at line: 42 in C:\Program Files\WindowsPowerShell\Modules\Pester\3.4.0\Functions\Assertions\Should.ps1</stack-trace>
            </failure>
          </test-case>
          <test-case description="ignores projects under Assets/Plugins/Sirenix and actions-runner" name="CheckCsprojMapping.ignores projects under Assets/Plugins/Sirenix and actions-runner" time="0.0404" asserts="0" success="False" result="Failure" executed="True">
            <failure>
              <message>'-Be' is not a valid Should operator.</message>
              <stack-trace>at line: 42 in C:\Program Files\WindowsPowerShell\Modules\Pester\3.4.0\Functions\Assertions\Should.ps1</stack-trace>
            </failure>
          </test-case>
        </results>
      </test-suite>
      <test-suite type="TestFixture" name="CLI wrapper" executed="True" result="Failure" success="False" time="0.0953" asserts="0" description="CLI wrapper">
        <results>
          <test-case description="forwards -DryRun and -ChangedOnly to underlying wrapper via Start-Process" name="CLI wrapper.forwards -DryRun and -ChangedOnly to underlying wrapper via Start-Process" time="0.0953" asserts="0" success="False" result="Failure" executed="True">
            <failure>
              <message>'-Be' is not a valid Should operator.</message>
              <stack-trace>at line: 42 in C:\Program Files\WindowsPowerShell\Modules\Pester\3.4.0\Functions\Assertions\Should.ps1</stack-trace>
            </failure>
          </test-case>
        </results>
      </test-suite>
    </results>
  </test-suite>
</test-results>